<?xml version="1.0" encoding="UTF-8"?>
<!-- Generated by org.testng.reporters.JUnitXMLReporter -->
<testsuite ignored="0" hostname="Desktop69" failures="1" tests="1" name="Default test" time="17.585" errors="0" timestamp="2021-12-24T17:27:44 EST">
  <testcase classname="wrappers.ProjectSpecificWrappers" name="@AfterMethod afterMethod" time="0.375">
    <failure type="java.lang.StackOverflowError">
      <![CDATA[java.lang.StackOverflowError
at java.base/java.util.regex.Pattern$GroupHead.match(Pattern.java:4801)
at java.base/java.util.regex.Pattern$Branch.match(Pattern.java:4746)
at java.base/java.util.regex.Pattern$Branch.match(Pattern.java:4744)
at java.base/java.util.regex.Pattern$Branch.match(Pattern.java:4744)
at java.base/java.util.regex.Pattern$BranchConn.match(Pattern.java:4710)
at java.base/java.util.regex.Pattern$GroupTail.match(Pattern.java:4832)
at java.base/java.util.regex.Pattern$BmpCharPropertyGreedy.match(Pattern.java:4341)
at java.base/java.util.regex.Pattern$GroupHead.match(Pattern.java:4801)
at java.base/java.util.regex.Pattern$Branch.match(Pattern.java:4746)
at java.base/java.util.regex.Pattern$Branch.match(Pattern.java:4744)
at java.base/java.util.regex.Pattern$BmpCharProperty.match(Pattern.java:3967)
at java.base/java.util.regex.Pattern$Start.match(Pattern.java:3620)
at java.base/java.util.regex.Matcher.search(Matcher.java:1728)
at java.base/java.util.regex.Matcher.find(Matcher.java:772)
at java.base/java.util.Formatter.parse(Formatter.java:2718)
at java.base/java.util.Formatter.format(Formatter.java:2671)
at java.base/java.util.Formatter.format(Formatter.java:2625)
at java.base/java.lang.String.format(String.java:3290)
at org.openqa.selenium.remote.RemoteWebDriver.execute(RemoteWebDriver.java:634)
at org.openqa.selenium.remote.RemoteWebDriver.execute(RemoteWebDriver.java:694)
at org.openqa.selenium.remote.RemoteWebDriver.getScreenshotAs(RemoteWebDriver.java:382)
at wrappers.GenericWrappers.takeSnap(GenericWrappers.java:544)
at utils.Reporter.reportStep(Reporter.java:19)
at wrappers.GenericWrappers.takeSnap(GenericWrappers.java:547)
at utils.Reporter.reportStep(Reporter.java:19)
at wrappers.GenericWrappers.takeSnap(GenericWrappers.java:547)
at utils.Reporter.reportStep(Reporter.java:19)
at wrappers.GenericWrappers.takeSnap(GenericWrappers.java:547)
at utils.Reporter.reportStep(Reporter.java:19)
at wrappers.GenericWrappers.takeSnap(GenericWrappers.java:547)
at utils.Reporter.reportStep(Reporter.java:19)
at wrappers.GenericWrappers.takeSnap(GenericWrappers.java:547)
at utils.Reporter.reportStep(Reporter.java:19)
at wrappers.GenericWrappers.takeSnap(GenericWrappers.java:547)
at utils.Reporter.reportStep(Reporter.java:19)
at wrappers.GenericWrappers.takeSnap(GenericWrappers.java:547)
at utils.Reporter.reportStep(Reporter.java:19)
at wrappers.GenericWrappers.takeSnap(GenericWrappers.java:547)
at utils.Reporter.reportStep(Reporter.java:19)
at wrappers.GenericWrappers.takeSnap(GenericWrappers.java:547)
at utils.Reporter.reportStep(Reporter.java:19)
at wrappers.GenericWrappers.takeSnap(GenericWrappers.java:547)
at utils.Reporter.reportStep(Reporter.java:19)
at wrappers.GenericWrappers.takeSnap(GenericWrappers.java:547)
at utils.Reporter.reportStep(Reporter.java:19)
at wrappers.GenericWrappers.takeSnap(GenericWrappers.java:547)
at utils.Reporter.reportStep(Reporter.java:19)
at wrappers.GenericWrappers.takeSnap(GenericWrappers.java:547)
at utils.Reporter.reportStep(Reporter.java:19)
at wrappers.GenericWrappers.takeSnap(GenericWrappers.java:547)
at utils.Reporter.reportStep(Reporter.java:19)
at wrappers.GenericWrappers.takeSnap(GenericWrappers.java:547)
at utils.Reporter.reportStep(Reporter.java:19)
at wrappers.GenericWrappers.takeSnap(GenericWrappers.java:547)
at utils.Reporter.reportStep(Reporter.java:19)
at wrappers.GenericWrappers.takeSnap(GenericWrappers.java:547)
at utils.Reporter.reportStep(Reporter.java:19)
at wrappers.GenericWrappers.takeSnap(GenericWrappers.java:547)
at utils.Reporter.reportStep(Reporter.java:19)
at wrappers.GenericWrappers.takeSnap(GenericWrappers.java:547)
at utils.Reporter.reportStep(Reporter.java:19)
at wrappers.GenericWrappers.takeSnap(GenericWrappers.java:547)
at utils.Reporter.reportStep(Reporter.java:19)
at wrappers.GenericWrappers.takeSnap(GenericWrappers.java:547)
at utils.Reporter.reportStep(Reporter.java:19)
at wrappers.GenericWrappers.takeSnap(GenericWrappers.java:547)
at utils.Reporter.reportStep(Reporter.java:19)
at wrappers.GenericWrappers.takeSnap(GenericWrappers.java:547)
at utils.Reporter.reportStep(Reporter.java:19)
at wrappers.GenericWrappers.takeSnap(GenericWrappers.java:547)
at utils.Reporter.reportStep(Reporter.java:19)
at wrappers.GenericWrappers.takeSnap(GenericWrappers.java:547)
at utils.Reporter.reportStep(Reporter.java:19)
at wrappers.GenericWrappers.takeSnap(GenericWrappers.java:547)
at utils.Reporter.reportStep(Reporter.java:19)
at wrappers.GenericWrappers.takeSnap(GenericWrappers.java:547)
at utils.Reporter.reportStep(Reporter.java:19)
at wrappers.GenericWrappers.takeSnap(GenericWrappers.java:547)
at utils.Reporter.reportStep(Reporter.java:19)
at wrappers.GenericWrappers.takeSnap(GenericWrappers.java:547)
at utils.Reporter.reportStep(Reporter.java:19)
at wrappers.GenericWrappers.takeSnap(GenericWrappers.java:547)
at utils.Reporter.reportStep(Reporter.java:19)
at wrappers.GenericWrappers.takeSnap(GenericWrappers.java:547)
at utils.Reporter.reportStep(Reporter.java:19)
at wrappers.GenericWrappers.takeSnap(GenericWrappers.java:547)
at utils.Reporter.reportStep(Reporter.java:19)
at wrappers.GenericWrappers.takeSnap(GenericWrappers.java:547)
at utils.Reporter.reportStep(Reporter.java:19)
at wrappers.GenericWrappers.takeSnap(GenericWrappers.java:547)
at utils.Reporter.reportStep(Reporter.java:19)
at wrappers.GenericWrappers.takeSnap(GenericWrappers.java:547)
at utils.Reporter.reportStep(Reporter.java:19)
at wrappers.GenericWrappers.takeSnap(GenericWrappers.java:547)
at utils.Reporter.reportStep(Reporter.java:19)
at wrappers.GenericWrappers.takeSnap(GenericWrappers.java:547)
at utils.Reporter.reportStep(Reporter.java:19)
at wrappers.GenericWrappers.takeSnap(GenericWrappers.java:547)
at utils.Reporter.reportStep(Reporter.java:19)
at wrappers.GenericWrappers.takeSnap(GenericWrappers.java:547)
at utils.Reporter.reportStep(Reporter.java:19)
at wrappers.GenericWrappers.takeSnap(GenericWrappers.java:547)
at utils.Reporter.reportStep(Reporter.java:19)
at wrappers.GenericWrappers.takeSnap(GenericWrappers.java:547)
at utils.Reporter.reportStep(Reporter.java:19)
at wrappers.GenericWrappers.takeSnap(GenericWrappers.java:547)
at utils.Reporter.reportStep(Reporter.java:19)
at wrappers.GenericWrappers.takeSnap(GenericWrappers.java:547)
at utils.Reporter.reportStep(Reporter.java:19)
at wrappers.GenericWrappers.takeSnap(GenericWrappers.java:547)
at utils.Reporter.reportStep(Reporter.java:19)
at wrappers.GenericWrappers.takeSnap(GenericWrappers.java:547)
at utils.Reporter.reportStep(Reporter.java:19)
at wrappers.GenericWrappers.takeSnap(GenericWrappers.java:547)
at utils.Reporter.reportStep(Reporter.java:19)
at wrappers.GenericWrappers.takeSnap(GenericWrappers.java:547)
at utils.Reporter.reportStep(Reporter.java:19)
at wrappers.GenericWrappers.takeSnap(GenericWrappers.java:547)
at utils.Reporter.reportStep(Reporter.java:19)
at wrappers.GenericWrappers.takeSnap(GenericWrappers.java:547)
at utils.Reporter.reportStep(Reporter.java:19)
at wrappers.GenericWrappers.takeSnap(GenericWrappers.java:547)
at utils.Reporter.reportStep(Reporter.java:19)
at wrappers.GenericWrappers.takeSnap(GenericWrappers.java:547)
at utils.Reporter.reportStep(Reporter.java:19)
at wrappers.GenericWrappers.takeSnap(GenericWrappers.java:547)
at utils.Reporter.reportStep(Reporter.java:19)
at wrappers.GenericWrappers.takeSnap(GenericWrappers.java:547)
at utils.Reporter.reportStep(Reporter.java:19)
at wrappers.GenericWrappers.takeSnap(GenericWrappers.java:547)
at utils.Reporter.reportStep(Reporter.java:19)
at wrappers.GenericWrappers.takeSnap(GenericWrappers.java:547)
at utils.Reporter.reportStep(Reporter.java:19)
at wrappers.GenericWrappers.takeSnap(GenericWrappers.java:547)
at utils.Reporter.reportStep(Reporter.java:19)
at wrappers.GenericWrappers.takeSnap(GenericWrappers.java:547)
at utils.Reporter.reportStep(Reporter.java:19)
at wrappers.GenericWrappers.takeSnap(GenericWrappers.java:547)
at utils.Reporter.reportStep(Reporter.java:19)
at wrappers.GenericWrappers.takeSnap(GenericWrappers.java:547)
at utils.Reporter.reportStep(Reporter.java:19)
at wrappers.GenericWrappers.takeSnap(GenericWrappers.java:547)
at utils.Reporter.reportStep(Reporter.java:19)
at wrappers.GenericWrappers.takeSnap(GenericWrappers.java:547)
at utils.Reporter.reportStep(Reporter.java:19)
at wrappers.GenericWrappers.takeSnap(GenericWrappers.java:547)
at utils.Reporter.reportStep(Reporter.java:19)
at wrappers.GenericWrappers.takeSnap(GenericWrappers.java:547)
at utils.Reporter.reportStep(Reporter.java:19)
at wrappers.GenericWrappers.takeSnap(GenericWrappers.java:547)
at utils.Reporter.reportStep(Reporter.java:19)
at wrappers.GenericWrappers.takeSnap(GenericWrappers.java:547)
at utils.Reporter.reportStep(Reporter.java:19)
at wrappers.GenericWrappers.takeSnap(GenericWrappers.java:547)
at utils.Reporter.reportStep(Reporter.java:19)
at wrappers.GenericWrappers.takeSnap(GenericWrappers.java:547)
at utils.Reporter.reportStep(Reporter.java:19)
at wrappers.GenericWrappers.takeSnap(GenericWrappers.java:547)
at utils.Reporter.reportStep(Reporter.java:19)
at wrappers.GenericWrappers.takeSnap(GenericWrappers.java:547)
at utils.Reporter.reportStep(Reporter.java:19)
at wrappers.GenericWrappers.takeSnap(GenericWrappers.java:547)
at utils.Reporter.reportStep(Reporter.java:19)
at wrappers.GenericWrappers.takeSnap(GenericWrappers.java:547)
at utils.Reporter.reportStep(Reporter.java:19)
at wrappers.GenericWrappers.takeSnap(GenericWrappers.java:547)
at utils.Reporter.reportStep(Reporter.java:19)
at wrappers.GenericWrappers.takeSnap(GenericWrappers.java:547)
at utils.Reporter.reportStep(Reporter.java:19)
at wrappers.GenericWrappers.takeSnap(GenericWrappers.java:547)
at utils.Reporter.reportStep(Reporter.java:19)
at wrappers.GenericWrappers.takeSnap(GenericWrappers.java:547)
at utils.Reporter.reportStep(Reporter.java:19)
at wrappers.GenericWrappers.takeSnap(GenericWrappers.java:547)
at utils.Reporter.reportStep(Reporter.java:19)
at wrappers.GenericWrappers.takeSnap(GenericWrappers.java:547)
at utils.Reporter.reportStep(Reporter.java:19)
at wrappers.GenericWrappers.takeSnap(GenericWrappers.java:547)
at utils.Reporter.reportStep(Reporter.java:19)
at wrappers.GenericWrappers.takeSnap(GenericWrappers.java:547)
at utils.Reporter.reportStep(Reporter.java:19)
at wrappers.GenericWrappers.takeSnap(GenericWrappers.java:547)
at utils.Reporter.reportStep(Reporter.java:19)
at wrappers.GenericWrappers.takeSnap(GenericWrappers.java:547)
at utils.Reporter.reportStep(Reporter.java:19)
at wrappers.GenericWrappers.takeSnap(GenericWrappers.java:547)
at utils.Reporter.reportStep(Reporter.java:19)
at wrappers.GenericWrappers.takeSnap(GenericWrappers.java:547)
at utils.Reporter.reportStep(Reporter.java:19)
at wrappers.GenericWrappers.takeSnap(GenericWrappers.java:547)
at utils.Reporter.reportStep(Reporter.java:19)
at wrappers.GenericWrappers.takeSnap(GenericWrappers.java:547)
at utils.Reporter.reportStep(Reporter.java:19)
at wrappers.GenericWrappers.takeSnap(GenericWrappers.java:547)
at utils.Reporter.reportStep(Reporter.java:19)
at wrappers.GenericWrappers.takeSnap(GenericWrappers.java:547)
at utils.Reporter.reportStep(Reporter.java:19)
at wrappers.GenericWrappers.takeSnap(GenericWrappers.java:547)
at utils.Reporter.reportStep(Reporter.java:19)
at wrappers.GenericWrappers.takeSnap(GenericWrappers.java:547)
at utils.Reporter.reportStep(Reporter.java:19)
at wrappers.GenericWrappers.takeSnap(GenericWrappers.java:547)
at utils.Reporter.reportStep(Reporter.java:19)
at wrappers.GenericWrappers.takeSnap(GenericWrappers.java:547)
at utils.Reporter.reportStep(Reporter.java:19)
at wrappers.GenericWrappers.takeSnap(GenericWrappers.java:547)
at utils.Reporter.reportStep(Reporter.java:19)
at wrappers.GenericWrappers.takeSnap(GenericWrappers.java:547)
at utils.Reporter.reportStep(Reporter.java:19)
at wrappers.GenericWrappers.takeSnap(GenericWrappers.java:547)
at utils.Reporter.reportStep(Reporter.java:19)
at wrappers.GenericWrappers.takeSnap(GenericWrappers.java:547)
at utils.Reporter.reportStep(Reporter.java:19)
at wrappers.GenericWrappers.takeSnap(GenericWrappers.java:547)
at utils.Reporter.reportStep(Reporter.java:19)
at wrappers.GenericWrappers.takeSnap(GenericWrappers.java:547)
at utils.Reporter.reportStep(Reporter.java:19)
at wrappers.GenericWrappers.takeSnap(GenericWrappers.java:547)
at utils.Reporter.reportStep(Reporter.java:19)
at wrappers.GenericWrappers.takeSnap(GenericWrappers.java:547)
at utils.Reporter.reportStep(Reporter.java:19)
at wrappers.GenericWrappers.takeSnap(GenericWrappers.java:547)
at utils.Reporter.reportStep(Reporter.java:19)
at wrappers.GenericWrappers.takeSnap(GenericWrappers.java:547)
at utils.Reporter.reportStep(Reporter.java:19)
at wrappers.GenericWrappers.takeSnap(GenericWrappers.java:547)
at utils.Reporter.reportStep(Reporter.java:19)
at wrappers.GenericWrappers.takeSnap(GenericWrappers.java:547)
at utils.Reporter.reportStep(Reporter.java:19)
at wrappers.GenericWrappers.takeSnap(GenericWrappers.java:547)
at utils.Reporter.reportStep(Reporter.java:19)
at wrappers.GenericWrappers.takeSnap(GenericWrappers.java:547)
at utils.Reporter.reportStep(Reporter.java:19)
at wrappers.GenericWrappers.takeSnap(GenericWrappers.java:547)
at utils.Reporter.reportStep(Reporter.java:19)
at wrappers.GenericWrappers.takeSnap(GenericWrappers.java:547)
at utils.Reporter.reportStep(Reporter.java:19)
at wrappers.GenericWrappers.takeSnap(GenericWrappers.java:547)
at utils.Reporter.reportStep(Reporter.java:19)
at wrappers.GenericWrappers.takeSnap(GenericWrappers.java:547)
at utils.Reporter.reportStep(Reporter.java:19)
at wrappers.GenericWrappers.takeSnap(GenericWrappers.java:547)
at utils.Reporter.reportStep(Reporter.java:19)
at wrappers.GenericWrappers.takeSnap(GenericWrappers.java:547)
at utils.Reporter.reportStep(Reporter.java:19)
at wrappers.GenericWrappers.takeSnap(GenericWrappers.java:547)
at utils.Reporter.reportStep(Reporter.java:19)
at wrappers.GenericWrappers.takeSnap(GenericWrappers.java:547)
at utils.Reporter.reportStep(Reporter.java:19)
at wrappers.GenericWrappers.takeSnap(GenericWrappers.java:547)
at utils.Reporter.reportStep(Reporter.java:19)
at wrappers.GenericWrappers.takeSnap(GenericWrappers.java:547)
at utils.Reporter.reportStep(Reporter.java:19)
at wrappers.GenericWrappers.takeSnap(GenericWrappers.java:547)
at utils.Reporter.reportStep(Reporter.java:19)
at wrappers.GenericWrappers.takeSnap(GenericWrappers.java:547)
at utils.Reporter.reportStep(Reporter.java:19)
at wrappers.GenericWrappers.takeSnap(GenericWrappers.java:547)
at utils.Reporter.reportStep(Reporter.java:19)
at wrappers.GenericWrappers.takeSnap(GenericWrappers.java:547)
at utils.Reporter.reportStep(Reporter.java:19)
at wrappers.GenericWrappers.takeSnap(GenericWrappers.java:547)
at utils.Reporter.reportStep(Reporter.java:19)
at wrappers.GenericWrappers.takeSnap(GenericWrappers.java:547)
at utils.Reporter.reportStep(Reporter.java:19)
at wrappers.GenericWrappers.takeSnap(GenericWrappers.java:547)
at utils.Reporter.reportStep(Reporter.java:19)
at wrappers.GenericWrappers.takeSnap(GenericWrappers.java:547)
at utils.Reporter.reportStep(Reporter.java:19)
at wrappers.GenericWrappers.takeSnap(GenericWrappers.java:547)
at utils.Reporter.reportStep(Reporter.java:19)
at wrappers.GenericWrappers.takeSnap(GenericWrappers.java:547)
at utils.Reporter.reportStep(Reporter.java:19)
at wrappers.GenericWrappers.takeSnap(GenericWrappers.java:547)
at utils.Reporter.reportStep(Reporter.java:19)
at wrappers.GenericWrappers.takeSnap(GenericWrappers.java:547)
at utils.Reporter.reportStep(Reporter.java:19)
at wrappers.GenericWrappers.takeSnap(GenericWrappers.java:547)
at utils.Reporter.reportStep(Reporter.java:19)
at wrappers.GenericWrappers.takeSnap(GenericWrappers.java:547)
at utils.Reporter.reportStep(Reporter.java:19)
at wrappers.GenericWrappers.takeSnap(GenericWrappers.java:547)
at utils.Reporter.reportStep(Reporter.java:19)
at wrappers.GenericWrappers.takeSnap(GenericWrappers.java:547)
at utils.Reporter.reportStep(Reporter.java:19)
at wrappers.GenericWrappers.takeSnap(GenericWrappers.java:547)
at utils.Reporter.reportStep(Reporter.java:19)
at wrappers.GenericWrappers.takeSnap(GenericWrappers.java:547)
at utils.Reporter.reportStep(Reporter.java:19)
at wrappers.GenericWrappers.takeSnap(GenericWrappers.java:547)
at utils.Reporter.reportStep(Reporter.java:19)
at wrappers.GenericWrappers.takeSnap(GenericWrappers.java:547)
at utils.Reporter.reportStep(Reporter.java:19)
at wrappers.GenericWrappers.takeSnap(GenericWrappers.java:547)
at utils.Reporter.reportStep(Reporter.java:19)
at wrappers.GenericWrappers.takeSnap(GenericWrappers.java:547)
at utils.Reporter.reportStep(Reporter.java:19)
at wrappers.GenericWrappers.takeSnap(GenericWrappers.java:547)
at utils.Reporter.reportStep(Reporter.java:19)
at wrappers.GenericWrappers.takeSnap(GenericWrappers.java:547)
at utils.Reporter.reportStep(Reporter.java:19)
at wrappers.GenericWrappers.takeSnap(GenericWrappers.java:547)
at utils.Reporter.reportStep(Reporter.java:19)
at wrappers.GenericWrappers.takeSnap(GenericWrappers.java:547)
at utils.Reporter.reportStep(Reporter.java:19)
at wrappers.GenericWrappers.takeSnap(GenericWrappers.java:547)
at utils.Reporter.reportStep(Reporter.java:19)
at wrappers.GenericWrappers.takeSnap(GenericWrappers.java:547)
at utils.Reporter.reportStep(Reporter.java:19)
at wrappers.GenericWrappers.takeSnap(GenericWrappers.java:547)
at utils.Reporter.reportStep(Reporter.java:19)
at wrappers.GenericWrappers.takeSnap(GenericWrappers.java:547)
at utils.Reporter.reportStep(Reporter.java:19)
at wrappers.GenericWrappers.takeSnap(GenericWrappers.java:547)
at utils.Reporter.reportStep(Reporter.java:19)
at wrappers.GenericWrappers.takeSnap(GenericWrappers.java:547)
at utils.Reporter.reportStep(Reporter.java:19)
at wrappers.GenericWrappers.takeSnap(GenericWrappers.java:547)
at utils.Reporter.reportStep(Reporter.java:19)
at wrappers.GenericWrappers.takeSnap(GenericWrappers.java:547)
at utils.Reporter.reportStep(Reporter.java:19)
at wrappers.GenericWrappers.takeSnap(GenericWrappers.java:547)
at utils.Reporter.reportStep(Reporter.java:19)
at wrappers.GenericWrappers.takeSnap(GenericWrappers.java:547)
at utils.Reporter.reportStep(Reporter.java:19)
at wrappers.GenericWrappers.takeSnap(GenericWrappers.java:547)
at utils.Reporter.reportStep(Reporter.java:19)
at wrappers.GenericWrappers.takeSnap(GenericWrappers.java:547)
at utils.Reporter.reportStep(Reporter.java:19)
at wrappers.GenericWrappers.takeSnap(GenericWrappers.java:547)
at utils.Reporter.reportStep(Reporter.java:19)
at wrappers.GenericWrappers.takeSnap(GenericWrappers.java:547)
at utils.Reporter.reportStep(Reporter.java:19)
at wrappers.GenericWrappers.takeSnap(GenericWrappers.java:547)
at utils.Reporter.reportStep(Reporter.java:19)
at wrappers.GenericWrappers.takeSnap(GenericWrappers.java:547)
at utils.Reporter.reportStep(Reporter.java:19)
at wrappers.GenericWrappers.takeSnap(GenericWrappers.java:547)
at utils.Reporter.reportStep(Reporter.java:19)
at wrappers.GenericWrappers.takeSnap(GenericWrappers.java:547)
at utils.Reporter.reportStep(Reporter.java:19)
at wrappers.GenericWrappers.takeSnap(GenericWrappers.java:547)
at utils.Reporter.reportStep(Reporter.java:19)
at wrappers.GenericWrappers.takeSnap(GenericWrappers.java:547)
at utils.Reporter.reportStep(Reporter.java:19)
at wrappers.GenericWrappers.takeSnap(GenericWrappers.java:547)
at utils.Reporter.reportStep(Reporter.java:19)
at wrappers.GenericWrappers.takeSnap(GenericWrappers.java:547)
at utils.Reporter.reportStep(Reporter.java:19)
at wrappers.GenericWrappers.takeSnap(GenericWrappers.java:547)
at utils.Reporter.reportStep(Reporter.java:19)
at wrappers.GenericWrappers.takeSnap(GenericWrappers.java:547)
at utils.Reporter.reportStep(Reporter.java:19)
at wrappers.GenericWrappers.takeSnap(GenericWrappers.java:547)
at utils.Reporter.reportStep(Reporter.java:19)
at wrappers.GenericWrappers.takeSnap(GenericWrappers.java:547)
at utils.Reporter.reportStep(Reporter.java:19)
at wrappers.GenericWrappers.takeSnap(GenericWrappers.java:547)
at utils.Reporter.reportStep(Reporter.java:19)
at wrappers.GenericWrappers.takeSnap(GenericWrappers.java:547)
at utils.Reporter.reportStep(Reporter.java:19)
at wrappers.GenericWrappers.takeSnap(GenericWrappers.java:547)
at utils.Reporter.reportStep(Reporter.java:19)
at wrappers.GenericWrappers.takeSnap(GenericWrappers.java:547)
at utils.Reporter.reportStep(Reporter.java:19)
at wrappers.GenericWrappers.takeSnap(GenericWrappers.java:547)
at utils.Reporter.reportStep(Reporter.java:19)
at wrappers.GenericWrappers.takeSnap(GenericWrappers.java:547)
at utils.Reporter.reportStep(Reporter.java:19)
at wrappers.GenericWrappers.takeSnap(GenericWrappers.java:547)
at utils.Reporter.reportStep(Reporter.java:19)
at wrappers.GenericWrappers.takeSnap(GenericWrappers.java:547)
at utils.Reporter.reportStep(Reporter.java:19)
at wrappers.GenericWrappers.takeSnap(GenericWrappers.java:547)
at utils.Reporter.reportStep(Reporter.java:19)
at wrappers.GenericWrappers.takeSnap(GenericWrappers.java:547)
at utils.Reporter.reportStep(Reporter.java:19)
at wrappers.GenericWrappers.takeSnap(GenericWrappers.java:547)
at utils.Reporter.reportStep(Reporter.java:19)
at wrappers.GenericWrappers.takeSnap(GenericWrappers.java:547)
at utils.Reporter.reportStep(Reporter.java:19)
at wrappers.GenericWrappers.takeSnap(GenericWrappers.java:547)
at utils.Reporter.reportStep(Reporter.java:19)
at wrappers.GenericWrappers.takeSnap(GenericWrappers.java:547)
at utils.Reporter.reportStep(Reporter.java:19)
at wrappers.GenericWrappers.takeSnap(GenericWrappers.java:547)
at utils.Reporter.reportStep(Reporter.java:19)
at wrappers.GenericWrappers.takeSnap(GenericWrappers.java:547)
at utils.Reporter.reportStep(Reporter.java:19)
at wrappers.GenericWrappers.takeSnap(GenericWrappers.java:547)
at utils.Reporter.reportStep(Reporter.java:19)
at wrappers.GenericWrappers.takeSnap(GenericWrappers.java:547)
at utils.Reporter.reportStep(Reporter.java:19)
at wrappers.GenericWrappers.takeSnap(GenericWrappers.java:547)
at utils.Reporter.reportStep(Reporter.java:19)
at wrappers.GenericWrappers.takeSnap(GenericWrappers.java:547)
at utils.Reporter.reportStep(Reporter.java:19)
at wrappers.GenericWrappers.takeSnap(GenericWrappers.java:547)
at utils.Reporter.reportStep(Reporter.java:19)
at wrappers.GenericWrappers.takeSnap(GenericWrappers.java:547)
at utils.Reporter.reportStep(Reporter.java:19)
at wrappers.GenericWrappers.takeSnap(GenericWrappers.java:547)
at utils.Reporter.reportStep(Reporter.java:19)
at wrappers.GenericWrappers.takeSnap(GenericWrappers.java:547)
at utils.Reporter.reportStep(Reporter.java:19)
at wrappers.GenericWrappers.takeSnap(GenericWrappers.java:547)
at utils.Reporter.reportStep(Reporter.java:19)
at wrappers.GenericWrappers.takeSnap(GenericWrappers.java:547)
at utils.Reporter.reportStep(Reporter.java:19)
at wrappers.GenericWrappers.takeSnap(GenericWrappers.java:547)
at utils.Reporter.reportStep(Reporter.java:19)
at wrappers.GenericWrappers.takeSnap(GenericWrappers.java:547)
at utils.Reporter.reportStep(Reporter.java:19)
at wrappers.GenericWrappers.takeSnap(GenericWrappers.java:547)
at utils.Reporter.reportStep(Reporter.java:19)
at wrappers.GenericWrappers.takeSnap(GenericWrappers.java:547)
at utils.Reporter.reportStep(Reporter.java:19)
at wrappers.GenericWrappers.takeSnap(GenericWrappers.java:547)
at utils.Reporter.reportStep(Reporter.java:19)
at wrappers.GenericWrappers.takeSnap(GenericWrappers.java:547)
at utils.Reporter.reportStep(Reporter.java:19)
at wrappers.GenericWrappers.takeSnap(GenericWrappers.java:547)
at utils.Reporter.reportStep(Reporter.java:19)
at wrappers.GenericWrappers.takeSnap(GenericWrappers.java:547)
at utils.Reporter.reportStep(Reporter.java:19)
at wrappers.GenericWrappers.takeSnap(GenericWrappers.java:547)
at utils.Reporter.reportStep(Reporter.java:19)
at wrappers.GenericWrappers.takeSnap(GenericWrappers.java:547)
at utils.Reporter.reportStep(Reporter.java:19)
at wrappers.GenericWrappers.takeSnap(GenericWrappers.java:547)
at utils.Reporter.reportStep(Reporter.java:19)
at wrappers.GenericWrappers.takeSnap(GenericWrappers.java:547)
at utils.Reporter.reportStep(Reporter.java:19)
at wrappers.GenericWrappers.takeSnap(GenericWrappers.java:547)
at utils.Reporter.reportStep(Reporter.java:19)
at wrappers.GenericWrappers.takeSnap(GenericWrappers.java:547)
at utils.Reporter.reportStep(Reporter.java:19)
at wrappers.GenericWrappers.takeSnap(GenericWrappers.java:547)
at utils.Reporter.reportStep(Reporter.java:19)
at wrappers.GenericWrappers.takeSnap(GenericWrappers.java:547)
at utils.Reporter.reportStep(Reporter.java:19)
at wrappers.GenericWrappers.takeSnap(GenericWrappers.java:547)
at utils.Reporter.reportStep(Reporter.java:19)
at wrappers.GenericWrappers.takeSnap(GenericWrappers.java:547)
at utils.Reporter.reportStep(Reporter.java:19)
at wrappers.GenericWrappers.takeSnap(GenericWrappers.java:547)
at utils.Reporter.reportStep(Reporter.java:19)
at wrappers.GenericWrappers.takeSnap(GenericWrappers.java:547)
at utils.Reporter.reportStep(Reporter.java:19)
at wrappers.GenericWrappers.takeSnap(GenericWrappers.java:547)
at utils.Reporter.reportStep(Reporter.java:19)
at wrappers.GenericWrappers.takeSnap(GenericWrappers.java:547)
at utils.Reporter.reportStep(Reporter.java:19)
at wrappers.GenericWrappers.takeSnap(GenericWrappers.java:547)
at utils.Reporter.reportStep(Reporter.java:19)
at wrappers.GenericWrappers.takeSnap(GenericWrappers.java:547)
at utils.Reporter.reportStep(Reporter.java:19)
at wrappers.GenericWrappers.takeSnap(GenericWrappers.java:547)
at utils.Reporter.reportStep(Reporter.java:19)
at wrappers.GenericWrappers.takeSnap(GenericWrappers.java:547)
at utils.Reporter.reportStep(Reporter.java:19)
at wrappers.GenericWrappers.takeSnap(GenericWrappers.java:547)
at utils.Reporter.reportStep(Reporter.java:19)
at wrappers.GenericWrappers.takeSnap(GenericWrappers.java:547)
at utils.Reporter.reportStep(Reporter.java:19)
at wrappers.GenericWrappers.takeSnap(GenericWrappers.java:547)
at utils.Reporter.reportStep(Reporter.java:19)
at wrappers.GenericWrappers.takeSnap(GenericWrappers.java:547)
at utils.Reporter.reportStep(Reporter.java:19)
at wrappers.GenericWrappers.takeSnap(GenericWrappers.java:547)
at utils.Reporter.reportStep(Reporter.java:19)
at wrappers.GenericWrappers.takeSnap(GenericWrappers.java:547)
at utils.Reporter.reportStep(Reporter.java:19)
at wrappers.GenericWrappers.takeSnap(GenericWrappers.java:547)
at utils.Reporter.reportStep(Reporter.java:19)
at wrappers.GenericWrappers.takeSnap(GenericWrappers.java:547)
at utils.Reporter.reportStep(Reporter.java:19)
at wrappers.GenericWrappers.takeSnap(GenericWrappers.java:547)
at utils.Reporter.reportStep(Reporter.java:19)
at wrappers.GenericWrappers.takeSnap(GenericWrappers.java:547)
at utils.Reporter.reportStep(Reporter.java:19)
at wrappers.GenericWrappers.takeSnap(GenericWrappers.java:547)
at utils.Reporter.reportStep(Reporter.java:19)
at wrappers.GenericWrappers.takeSnap(GenericWrappers.java:547)
at utils.Reporter.reportStep(Reporter.java:19)
at wrappers.GenericWrappers.takeSnap(GenericWrappers.java:547)
at utils.Reporter.reportStep(Reporter.java:19)
at wrappers.GenericWrappers.takeSnap(GenericWrappers.java:547)
at utils.Reporter.reportStep(Reporter.java:19)
at wrappers.GenericWrappers.takeSnap(GenericWrappers.java:547)
at utils.Reporter.reportStep(Reporter.java:19)
at wrappers.GenericWrappers.takeSnap(GenericWrappers.java:547)
at utils.Reporter.reportStep(Reporter.java:19)
at wrappers.GenericWrappers.takeSnap(GenericWrappers.java:547)
at utils.Reporter.reportStep(Reporter.java:19)
at wrappers.GenericWrappers.takeSnap(GenericWrappers.java:547)
at utils.Reporter.reportStep(Reporter.java:19)
at wrappers.GenericWrappers.takeSnap(GenericWrappers.java:547)
at utils.Reporter.reportStep(Reporter.java:19)
at wrappers.GenericWrappers.takeSnap(GenericWrappers.java:547)
at utils.Reporter.reportStep(Reporter.java:19)
at wrappers.GenericWrappers.takeSnap(GenericWrappers.java:547)
at utils.Reporter.reportStep(Reporter.java:19)
at wrappers.GenericWrappers.takeSnap(GenericWrappers.java:547)
at utils.Reporter.reportStep(Reporter.java:19)
at wrappers.GenericWrappers.takeSnap(GenericWrappers.java:547)
at utils.Reporter.reportStep(Reporter.java:19)
at wrappers.GenericWrappers.takeSnap(GenericWrappers.java:547)
at utils.Reporter.reportStep(Reporter.java:19)
at wrappers.GenericWrappers.takeSnap(GenericWrappers.java:547)
at utils.Reporter.reportStep(Reporter.java:19)
at wrappers.GenericWrappers.takeSnap(GenericWrappers.java:547)
at utils.Reporter.reportStep(Reporter.java:19)
at wrappers.GenericWrappers.takeSnap(GenericWrappers.java:547)
at utils.Reporter.reportStep(Reporter.java:19)
at wrappers.GenericWrappers.takeSnap(GenericWrappers.java:547)
at utils.Reporter.reportStep(Reporter.java:19)
at wrappers.GenericWrappers.takeSnap(GenericWrappers.java:547)
at utils.Reporter.reportStep(Reporter.java:19)
at wrappers.GenericWrappers.takeSnap(GenericWrappers.java:547)
at utils.Reporter.reportStep(Reporter.java:19)
at wrappers.GenericWrappers.takeSnap(GenericWrappers.java:547)
at utils.Reporter.reportStep(Reporter.java:19)
at wrappers.GenericWrappers.takeSnap(GenericWrappers.java:547)
at utils.Reporter.reportStep(Reporter.java:19)
at wrappers.GenericWrappers.takeSnap(GenericWrappers.java:547)
at utils.Reporter.reportStep(Reporter.java:19)
at wrappers.GenericWrappers.takeSnap(GenericWrappers.java:547)
at utils.Reporter.reportStep(Reporter.java:19)
at wrappers.GenericWrappers.takeSnap(GenericWrappers.java:547)
at utils.Reporter.reportStep(Reporter.java:19)
at wrappers.GenericWrappers.takeSnap(GenericWrappers.java:547)
at utils.Reporter.reportStep(Reporter.java:19)
at wrappers.GenericWrappers.takeSnap(GenericWrappers.java:547)
at utils.Reporter.reportStep(Reporter.java:19)
at wrappers.GenericWrappers.takeSnap(GenericWrappers.java:547)
at utils.Reporter.reportStep(Reporter.java:19)
at wrappers.GenericWrappers.takeSnap(GenericWrappers.java:547)
at utils.Reporter.reportStep(Reporter.java:19)
at wrappers.GenericWrappers.takeSnap(GenericWrappers.java:547)
at utils.Reporter.reportStep(Reporter.java:19)
at wrappers.GenericWrappers.takeSnap(GenericWrappers.java:547)
at utils.Reporter.reportStep(Reporter.java:19)
at wrappers.GenericWrappers.takeSnap(GenericWrappers.java:547)
at utils.Reporter.reportStep(Reporter.java:19)
at wrappers.GenericWrappers.takeSnap(GenericWrappers.java:547)
at utils.Reporter.reportStep(Reporter.java:19)
at wrappers.GenericWrappers.takeSnap(GenericWrappers.java:547)
at utils.Reporter.reportStep(Reporter.java:19)
at wrappers.GenericWrappers.takeSnap(GenericWrappers.java:547)
at utils.Reporter.reportStep(Reporter.java:19)
at wrappers.GenericWrappers.takeSnap(GenericWrappers.java:547)
at utils.Reporter.reportStep(Reporter.java:19)
at wrappers.GenericWrappers.takeSnap(GenericWrappers.java:547)
at utils.Reporter.reportStep(Reporter.java:19)
at wrappers.GenericWrappers.takeSnap(GenericWrappers.java:547)
at utils.Reporter.reportStep(Reporter.java:19)
at wrappers.GenericWrappers.takeSnap(GenericWrappers.java:547)
at utils.Reporter.reportStep(Reporter.java:19)
at wrappers.GenericWrappers.takeSnap(GenericWrappers.java:547)
at utils.Reporter.reportStep(Reporter.java:19)
at wrappers.GenericWrappers.takeSnap(GenericWrappers.java:547)
at utils.Reporter.reportStep(Reporter.java:19)
at wrappers.GenericWrappers.takeSnap(GenericWrappers.java:547)
at utils.Reporter.reportStep(Reporter.java:19)
at wrappers.GenericWrappers.takeSnap(GenericWrappers.java:547)
at utils.Reporter.reportStep(Reporter.java:19)
at wrappers.GenericWrappers.takeSnap(GenericWrappers.java:547)
at utils.Reporter.reportStep(Reporter.java:19)
at wrappers.GenericWrappers.takeSnap(GenericWrappers.java:547)
at utils.Reporter.reportStep(Reporter.java:19)
at wrappers.GenericWrappers.takeSnap(GenericWrappers.java:547)
at utils.Reporter.reportStep(Reporter.java:19)
at wrappers.GenericWrappers.takeSnap(GenericWrappers.java:547)
at utils.Reporter.reportStep(Reporter.java:19)
at wrappers.GenericWrappers.takeSnap(GenericWrappers.java:547)
at utils.Reporter.reportStep(Reporter.java:19)
at wrappers.GenericWrappers.takeSnap(GenericWrappers.java:547)
at utils.Reporter.reportStep(Reporter.java:19)
at wrappers.GenericWrappers.takeSnap(GenericWrappers.java:547)
at utils.Reporter.reportStep(Reporter.java:19)
at wrappers.GenericWrappers.takeSnap(GenericWrappers.java:547)
at utils.Reporter.reportStep(Reporter.java:19)
at wrappers.GenericWrappers.takeSnap(GenericWrappers.java:547)
at utils.Reporter.reportStep(Reporter.java:19)
at wrappers.GenericWrappers.takeSnap(GenericWrappers.java:547)
at utils.Reporter.reportStep(Reporter.java:19)
at wrappers.GenericWrappers.takeSnap(GenericWrappers.java:547)
at utils.Reporter.reportStep(Reporter.java:19)
at wrappers.GenericWrappers.takeSnap(GenericWrappers.java:547)
at utils.Reporter.reportStep(Reporter.java:19)
at wrappers.GenericWrappers.takeSnap(GenericWrappers.java:547)
at utils.Reporter.reportStep(Reporter.java:19)
at wrappers.GenericWrappers.takeSnap(GenericWrappers.java:547)
at utils.Reporter.reportStep(Reporter.java:19)
at wrappers.GenericWrappers.takeSnap(GenericWrappers.java:547)
at utils.Reporter.reportStep(Reporter.java:19)
at wrappers.GenericWrappers.takeSnap(GenericWrappers.java:547)
at utils.Reporter.reportStep(Reporter.java:19)
at wrappers.GenericWrappers.takeSnap(GenericWrappers.java:547)
at utils.Reporter.reportStep(Reporter.java:19)
at wrappers.GenericWrappers.takeSnap(GenericWrappers.java:547)
at utils.Reporter.reportStep(Reporter.java:19)
at wrappers.GenericWrappers.takeSnap(GenericWrappers.java:547)
at utils.Reporter.reportStep(Reporter.java:19)
at wrappers.GenericWrappers.takeSnap(GenericWrappers.java:547)
at utils.Reporter.reportStep(Reporter.java:19)
at wrappers.GenericWrappers.takeSnap(GenericWrappers.java:547)
at utils.Reporter.reportStep(Reporter.java:19)
at wrappers.GenericWrappers.takeSnap(GenericWrappers.java:547)
at utils.Reporter.reportStep(Reporter.java:19)
at wrappers.GenericWrappers.takeSnap(GenericWrappers.java:547)
at utils.Reporter.reportStep(Reporter.java:19)
at wrappers.GenericWrappers.takeSnap(GenericWrappers.java:547)
at utils.Reporter.reportStep(Reporter.java:19)
at wrappers.GenericWrappers.takeSnap(GenericWrappers.java:547)
at utils.Reporter.reportStep(Reporter.java:19)
at wrappers.GenericWrappers.takeSnap(GenericWrappers.java:547)
at utils.Reporter.reportStep(Reporter.java:19)
at wrappers.GenericWrappers.takeSnap(GenericWrappers.java:547)
at utils.Reporter.reportStep(Reporter.java:19)
at wrappers.GenericWrappers.takeSnap(GenericWrappers.java:547)
at utils.Reporter.reportStep(Reporter.java:19)
at wrappers.GenericWrappers.takeSnap(GenericWrappers.java:547)
at utils.Reporter.reportStep(Reporter.java:19)
at wrappers.GenericWrappers.takeSnap(GenericWrappers.java:547)
at utils.Reporter.reportStep(Reporter.java:19)
at wrappers.GenericWrappers.takeSnap(GenericWrappers.java:547)
at utils.Reporter.reportStep(Reporter.java:19)
at wrappers.GenericWrappers.takeSnap(GenericWrappers.java:547)
at utils.Reporter.reportStep(Reporter.java:19)
at wrappers.GenericWrappers.takeSnap(GenericWrappers.java:547)
at utils.Reporter.reportStep(Reporter.java:19)
at wrappers.GenericWrappers.takeSnap(GenericWrappers.java:547)
at utils.Reporter.reportStep(Reporter.java:19)
at wrappers.GenericWrappers.takeSnap(GenericWrappers.java:547)
at utils.Reporter.reportStep(Reporter.java:19)
at wrappers.GenericWrappers.takeSnap(GenericWrappers.java:547)
at utils.Reporter.reportStep(Reporter.java:19)
at wrappers.GenericWrappers.takeSnap(GenericWrappers.java:547)
at utils.Reporter.reportStep(Reporter.java:19)
at wrappers.GenericWrappers.takeSnap(GenericWrappers.java:547)
at utils.Reporter.reportStep(Reporter.java:19)
at wrappers.GenericWrappers.takeSnap(GenericWrappers.java:547)
at utils.Reporter.reportStep(Reporter.java:19)
at wrappers.GenericWrappers.takeSnap(GenericWrappers.java:547)
at utils.Reporter.reportStep(Reporter.java:19)
at wrappers.GenericWrappers.takeSnap(GenericWrappers.java:547)
at utils.Reporter.reportStep(Reporter.java:19)
at wrappers.GenericWrappers.takeSnap(GenericWrappers.java:547)
at utils.Reporter.reportStep(Reporter.java:19)
at wrappers.GenericWrappers.takeSnap(GenericWrappers.java:547)
at utils.Reporter.reportStep(Reporter.java:19)
at wrappers.GenericWrappers.takeSnap(GenericWrappers.java:547)
at utils.Reporter.reportStep(Reporter.java:19)
at wrappers.GenericWrappers.takeSnap(GenericWrappers.java:547)
at utils.Reporter.reportStep(Reporter.java:19)
at wrappers.GenericWrappers.takeSnap(GenericWrappers.java:547)
at utils.Reporter.reportStep(Reporter.java:19)
at wrappers.GenericWrappers.takeSnap(GenericWrappers.java:547)
at utils.Reporter.reportStep(Reporter.java:19)
at wrappers.GenericWrappers.takeSnap(GenericWrappers.java:547)
at utils.Reporter.reportStep(Reporter.java:19)
at wrappers.GenericWrappers.takeSnap(GenericWrappers.java:547)
at utils.Reporter.reportStep(Reporter.java:19)
at wrappers.GenericWrappers.takeSnap(GenericWrappers.java:547)
at utils.Reporter.reportStep(Reporter.java:19)
at wrappers.GenericWrappers.takeSnap(GenericWrappers.java:547)
at utils.Reporter.reportStep(Reporter.java:19)
at wrappers.GenericWrappers.takeSnap(GenericWrappers.java:547)
at utils.Reporter.reportStep(Reporter.java:19)
at wrappers.GenericWrappers.takeSnap(GenericWrappers.java:547)
at utils.Reporter.reportStep(Reporter.java:19)
at wrappers.GenericWrappers.takeSnap(GenericWrappers.java:547)
at utils.Reporter.reportStep(Reporter.java:19)
at wrappers.GenericWrappers.takeSnap(GenericWrappers.java:547)
at utils.Reporter.reportStep(Reporter.java:19)
at wrappers.GenericWrappers.takeSnap(GenericWrappers.java:547)
at utils.Reporter.reportStep(Reporter.java:19)
at wrappers.GenericWrappers.takeSnap(GenericWrappers.java:547)
at utils.Reporter.reportStep(Reporter.java:19)
at wrappers.GenericWrappers.takeSnap(GenericWrappers.java:547)
at utils.Reporter.reportStep(Reporter.java:19)
at wrappers.GenericWrappers.takeSnap(GenericWrappers.java:547)
at utils.Reporter.reportStep(Reporter.java:19)
at wrappers.GenericWrappers.takeSnap(GenericWrappers.java:547)
at utils.Reporter.reportStep(Reporter.java:19)
at wrappers.GenericWrappers.takeSnap(GenericWrappers.java:547)
at utils.Reporter.reportStep(Reporter.java:19)
at wrappers.GenericWrappers.takeSnap(GenericWrappers.java:547)
at utils.Reporter.reportStep(Reporter.java:19)
at wrappers.GenericWrappers.takeSnap(GenericWrappers.java:547)
at utils.Reporter.reportStep(Reporter.java:19)
at wrappers.GenericWrappers.takeSnap(GenericWrappers.java:547)
at utils.Reporter.reportStep(Reporter.java:19)
at wrappers.GenericWrappers.takeSnap(GenericWrappers.java:547)
at utils.Reporter.reportStep(Reporter.java:19)
at wrappers.GenericWrappers.takeSnap(GenericWrappers.java:547)
at utils.Reporter.reportStep(Reporter.java:19)
at wrappers.GenericWrappers.takeSnap(GenericWrappers.java:547)
at utils.Reporter.reportStep(Reporter.java:19)
at wrappers.GenericWrappers.takeSnap(GenericWrappers.java:547)
at utils.Reporter.reportStep(Reporter.java:19)
at wrappers.GenericWrappers.takeSnap(GenericWrappers.java:547)
at utils.Reporter.reportStep(Reporter.java:19)
at wrappers.GenericWrappers.takeSnap(GenericWrappers.java:547)
at utils.Reporter.reportStep(Reporter.java:19)
at wrappers.GenericWrappers.takeSnap(GenericWrappers.java:547)
at utils.Reporter.reportStep(Reporter.java:19)
at wrappers.GenericWrappers.takeSnap(GenericWrappers.java:547)
at utils.Reporter.reportStep(Reporter.java:19)
at wrappers.GenericWrappers.takeSnap(GenericWrappers.java:547)
at utils.Reporter.reportStep(Reporter.java:19)
at wrappers.GenericWrappers.takeSnap(GenericWrappers.java:547)
at utils.Reporter.reportStep(Reporter.java:19)
at wrappers.GenericWrappers.takeSnap(GenericWrappers.java:547)
at utils.Reporter.reportStep(Reporter.java:19)
at wrappers.GenericWrappers.takeSnap(GenericWrappers.java:547)
at utils.Reporter.reportStep(Reporter.java:19)
at wrappers.GenericWrappers.takeSnap(GenericWrappers.java:547)
at utils.Reporter.reportStep(Reporter.java:19)
at wrappers.GenericWrappers.takeSnap(GenericWrappers.java:547)
at utils.Reporter.reportStep(Reporter.java:19)
at wrappers.GenericWrappers.takeSnap(GenericWrappers.java:547)
at utils.Reporter.reportStep(Reporter.java:19)
at wrappers.GenericWrappers.takeSnap(GenericWrappers.java:547)
at utils.Reporter.reportStep(Reporter.java:19)
at wrappers.GenericWrappers.takeSnap(GenericWrappers.java:547)
at utils.Reporter.reportStep(Reporter.java:19)
at wrappers.GenericWrappers.takeSnap(GenericWrappers.java:547)
at utils.Reporter.reportStep(Reporter.java:19)
at wrappers.GenericWrappers.takeSnap(GenericWrappers.java:547)
at utils.Reporter.reportStep(Reporter.java:19)
at wrappers.GenericWrappers.takeSnap(GenericWrappers.java:547)
at utils.Reporter.reportStep(Reporter.java:19)
at wrappers.GenericWrappers.takeSnap(GenericWrappers.java:547)
at utils.Reporter.reportStep(Reporter.java:19)
at wrappers.GenericWrappers.takeSnap(GenericWrappers.java:547)
at utils.Reporter.reportStep(Reporter.java:19)
at wrappers.GenericWrappers.takeSnap(GenericWrappers.java:547)
at utils.Reporter.reportStep(Reporter.java:19)
at wrappers.GenericWrappers.takeSnap(GenericWrappers.java:547)
at utils.Reporter.reportStep(Reporter.java:19)
at wrappers.GenericWrappers.takeSnap(GenericWrappers.java:547)
at utils.Reporter.reportStep(Reporter.java:19)
at wrappers.GenericWrappers.takeSnap(GenericWrappers.java:547)
at utils.Reporter.reportStep(Reporter.java:19)
at wrappers.GenericWrappers.takeSnap(GenericWrappers.java:547)
at utils.Reporter.reportStep(Reporter.java:19)
at wrappers.GenericWrappers.takeSnap(GenericWrappers.java:547)
at utils.Reporter.reportStep(Reporter.java:19)
at wrappers.GenericWrappers.takeSnap(GenericWrappers.java:547)
at utils.Reporter.reportStep(Reporter.java:19)
at wrappers.GenericWrappers.takeSnap(GenericWrappers.java:547)
at utils.Reporter.reportStep(Reporter.java:19)
at wrappers.GenericWrappers.takeSnap(GenericWrappers.java:547)
at utils.Reporter.reportStep(Reporter.java:19)
at wrappers.GenericWrappers.takeSnap(GenericWrappers.java:547)
at utils.Reporter.reportStep(Reporter.java:19)
at wrappers.GenericWrappers.takeSnap(GenericWrappers.java:547)
at utils.Reporter.reportStep(Reporter.java:19)
at wrappers.GenericWrappers.takeSnap(GenericWrappers.java:547)
at utils.Reporter.reportStep(Reporter.java:19)
at wrappers.GenericWrappers.takeSnap(GenericWrappers.java:547)
at utils.Reporter.reportStep(Reporter.java:19)
at wrappers.GenericWrappers.takeSnap(GenericWrappers.java:547)
at utils.Reporter.reportStep(Reporter.java:19)
at wrappers.GenericWrappers.takeSnap(GenericWrappers.java:547)
at utils.Reporter.reportStep(Reporter.java:19)
at wrappers.GenericWrappers.takeSnap(GenericWrappers.java:547)
at utils.Reporter.reportStep(Reporter.java:19)
at wrappers.GenericWrappers.takeSnap(GenericWrappers.java:547)
at utils.Reporter.reportStep(Reporter.java:19)
at wrappers.GenericWrappers.takeSnap(GenericWrappers.java:547)
at utils.Reporter.reportStep(Reporter.java:19)
at wrappers.GenericWrappers.takeSnap(GenericWrappers.java:547)
at utils.Reporter.reportStep(Reporter.java:19)
at wrappers.GenericWrappers.takeSnap(GenericWrappers.java:547)
at utils.Reporter.reportStep(Reporter.java:19)
at wrappers.GenericWrappers.takeSnap(GenericWrappers.java:547)
at utils.Reporter.reportStep(Reporter.java:19)
at wrappers.GenericWrappers.takeSnap(GenericWrappers.java:547)
at utils.Reporter.reportStep(Reporter.java:19)
at wrappers.GenericWrappers.takeSnap(GenericWrappers.java:547)
at utils.Reporter.reportStep(Reporter.java:19)
at wrappers.GenericWrappers.takeSnap(GenericWrappers.java:547)
at utils.Reporter.reportStep(Reporter.java:19)
at wrappers.GenericWrappers.takeSnap(GenericWrappers.java:547)
at utils.Reporter.reportStep(Reporter.java:19)
at wrappers.GenericWrappers.takeSnap(GenericWrappers.java:547)
at utils.Reporter.reportStep(Reporter.java:19)
at wrappers.GenericWrappers.takeSnap(GenericWrappers.java:547)
at utils.Reporter.reportStep(Reporter.java:19)
at wrappers.GenericWrappers.takeSnap(GenericWrappers.java:547)
at utils.Reporter.reportStep(Reporter.java:19)
at wrappers.GenericWrappers.takeSnap(GenericWrappers.java:547)
at utils.Reporter.reportStep(Reporter.java:19)
at wrappers.GenericWrappers.takeSnap(GenericWrappers.java:547)
at utils.Reporter.reportStep(Reporter.java:19)
at wrappers.GenericWrappers.takeSnap(GenericWrappers.java:547)
at utils.Reporter.reportStep(Reporter.java:19)
at wrappers.GenericWrappers.takeSnap(GenericWrappers.java:547)
at utils.Reporter.reportStep(Reporter.java:19)
at wrappers.GenericWrappers.takeSnap(GenericWrappers.java:547)
at utils.Reporter.reportStep(Reporter.java:19)
at wrappers.GenericWrappers.takeSnap(GenericWrappers.java:547)
at utils.Reporter.reportStep(Reporter.java:19)
at wrappers.GenericWrappers.takeSnap(GenericWrappers.java:547)
at utils.Reporter.reportStep(Reporter.java:19)
at wrappers.GenericWrappers.takeSnap(GenericWrappers.java:547)
at utils.Reporter.reportStep(Reporter.java:19)
at wrappers.GenericWrappers.takeSnap(GenericWrappers.java:547)
at utils.Reporter.reportStep(Reporter.java:19)
at wrappers.GenericWrappers.takeSnap(GenericWrappers.java:547)
at utils.Reporter.reportStep(Reporter.java:19)
at wrappers.GenericWrappers.takeSnap(GenericWrappers.java:547)
at utils.Reporter.reportStep(Reporter.java:19)
at wrappers.GenericWrappers.takeSnap(GenericWrappers.java:547)
at utils.Reporter.reportStep(Reporter.java:19)
at wrappers.GenericWrappers.takeSnap(GenericWrappers.java:547)
at utils.Reporter.reportStep(Reporter.java:19)
at wrappers.GenericWrappers.takeSnap(GenericWrappers.java:547)
at utils.Reporter.reportStep(Reporter.java:19)
at wrappers.GenericWrappers.takeSnap(GenericWrappers.java:547)
at utils.Reporter.reportStep(Reporter.java:19)
at wrappers.GenericWrappers.takeSnap(GenericWrappers.java:547)
at utils.Reporter.reportStep(Reporter.java:19)
at wrappers.GenericWrappers.takeSnap(GenericWrappers.java:547)
at utils.Reporter.reportStep(Reporter.java:19)
at wrappers.GenericWrappers.takeSnap(GenericWrappers.java:547)
at utils.Reporter.reportStep(Reporter.java:19)
at wrappers.GenericWrappers.takeSnap(GenericWrappers.java:547)
at utils.Reporter.reportStep(Reporter.java:19)
at wrappers.GenericWrappers.takeSnap(GenericWrappers.java:547)
at utils.Reporter.reportStep(Reporter.java:19)
at wrappers.GenericWrappers.takeSnap(GenericWrappers.java:547)
at utils.Reporter.reportStep(Reporter.java:19)
at wrappers.GenericWrappers.takeSnap(GenericWrappers.java:547)
at utils.Reporter.reportStep(Reporter.java:19)
at wrappers.GenericWrappers.takeSnap(GenericWrappers.java:547)
at utils.Reporter.reportStep(Reporter.java:19)
at wrappers.GenericWrappers.takeSnap(GenericWrappers.java:547)
at utils.Reporter.reportStep(Reporter.java:19)
at wrappers.GenericWrappers.takeSnap(GenericWrappers.java:547)
at utils.Reporter.reportStep(Reporter.java:19)
at wrappers.GenericWrappers.takeSnap(GenericWrappers.java:547)
at utils.Reporter.reportStep(Reporter.java:19)
at wrappers.GenericWrappers.takeSnap(GenericWrappers.java:547)
at utils.Reporter.reportStep(Reporter.java:19)
at wrappers.GenericWrappers.takeSnap(GenericWrappers.java:547)
at utils.Reporter.reportStep(Reporter.java:19)
at wrappers.GenericWrappers.takeSnap(GenericWrappers.java:547)
at utils.Reporter.reportStep(Reporter.java:19)
at wrappers.GenericWrappers.takeSnap(GenericWrappers.java:547)
at utils.Reporter.reportStep(Reporter.java:19)
at wrappers.GenericWrappers.takeSnap(GenericWrappers.java:547)
at utils.Reporter.reportStep(Reporter.java:19)
at wrappers.GenericWrappers.takeSnap(GenericWrappers.java:547)
at utils.Reporter.reportStep(Reporter.java:19)
at wrappers.GenericWrappers.takeSnap(GenericWrappers.java:547)
at utils.Reporter.reportStep(Reporter.java:19)
at wrappers.GenericWrappers.takeSnap(GenericWrappers.java:547)
at utils.Reporter.reportStep(Reporter.java:19)
at wrappers.GenericWrappers.takeSnap(GenericWrappers.java:547)
at utils.Reporter.reportStep(Reporter.java:19)
at wrappers.GenericWrappers.takeSnap(GenericWrappers.java:547)
at utils.Reporter.reportStep(Reporter.java:19)
at wrappers.GenericWrappers.takeSnap(GenericWrappers.java:547)
at utils.Reporter.reportStep(Reporter.java:19)
at wrappers.GenericWrappers.takeSnap(GenericWrappers.java:547)
at utils.Reporter.reportStep(Reporter.java:19)
at wrappers.GenericWrappers.takeSnap(GenericWrappers.java:547)
at utils.Reporter.reportStep(Reporter.java:19)
at wrappers.GenericWrappers.takeSnap(GenericWrappers.java:547)
at utils.Reporter.reportStep(Reporter.java:19)
at wrappers.GenericWrappers.takeSnap(GenericWrappers.java:547)
at utils.Reporter.reportStep(Reporter.java:19)
at wrappers.GenericWrappers.takeSnap(GenericWrappers.java:547)
at utils.Reporter.reportStep(Reporter.java:19)
at wrappers.GenericWrappers.takeSnap(GenericWrappers.java:547)
at utils.Reporter.reportStep(Reporter.java:19)
at wrappers.GenericWrappers.takeSnap(GenericWrappers.java:547)
at utils.Reporter.reportStep(Reporter.java:19)
at wrappers.GenericWrappers.takeSnap(GenericWrappers.java:547)
at utils.Reporter.reportStep(Reporter.java:19)
at wrappers.GenericWrappers.takeSnap(GenericWrappers.java:547)
at utils.Reporter.reportStep(Reporter.java:19)
at wrappers.GenericWrappers.takeSnap(GenericWrappers.java:547)
at utils.Reporter.reportStep(Reporter.java:19)
at wrappers.GenericWrappers.takeSnap(GenericWrappers.java:547)
at utils.Reporter.reportStep(Reporter.java:19)
at wrappers.GenericWrappers.takeSnap(GenericWrappers.java:547)
at utils.Reporter.reportStep(Reporter.java:19)
at wrappers.GenericWrappers.takeSnap(GenericWrappers.java:547)
at utils.Reporter.reportStep(Reporter.java:19)
at wrappers.GenericWrappers.takeSnap(GenericWrappers.java:547)
at utils.Reporter.reportStep(Reporter.java:19)
at wrappers.GenericWrappers.takeSnap(GenericWrappers.java:547)
at utils.Reporter.reportStep(Reporter.java:19)
at wrappers.GenericWrappers.takeSnap(GenericWrappers.java:547)
at utils.Reporter.reportStep(Reporter.java:19)
at wrappers.GenericWrappers.takeSnap(GenericWrappers.java:547)
at utils.Reporter.reportStep(Reporter.java:19)
at wrappers.GenericWrappers.takeSnap(GenericWrappers.java:547)
at utils.Reporter.reportStep(Reporter.java:19)
at wrappers.GenericWrappers.takeSnap(GenericWrappers.java:547)
at utils.Reporter.reportStep(Reporter.java:19)
at wrappers.GenericWrappers.takeSnap(GenericWrappers.java:547)
at utils.Reporter.reportStep(Reporter.java:19)
at wrappers.GenericWrappers.takeSnap(GenericWrappers.java:547)
at utils.Reporter.reportStep(Reporter.java:19)
at wrappers.GenericWrappers.takeSnap(GenericWrappers.java:547)
at utils.Reporter.reportStep(Reporter.java:19)
at wrappers.GenericWrappers.takeSnap(GenericWrappers.java:547)
at utils.Reporter.reportStep(Reporter.java:19)
at wrappers.GenericWrappers.takeSnap(GenericWrappers.java:547)
at utils.Reporter.reportStep(Reporter.java:19)
at wrappers.GenericWrappers.takeSnap(GenericWrappers.java:547)
at utils.Reporter.reportStep(Reporter.java:19)
at wrappers.GenericWrappers.takeSnap(GenericWrappers.java:547)
at utils.Reporter.reportStep(Reporter.java:19)
at wrappers.GenericWrappers.takeSnap(GenericWrappers.java:547)
at utils.Reporter.reportStep(Reporter.java:19)
at wrappers.GenericWrappers.takeSnap(GenericWrappers.java:547)
at utils.Reporter.reportStep(Reporter.java:19)
at wrappers.GenericWrappers.takeSnap(GenericWrappers.java:547)
at utils.Reporter.reportStep(Reporter.java:19)
at wrappers.GenericWrappers.takeSnap(GenericWrappers.java:547)
at utils.Reporter.reportStep(Reporter.java:19)
at wrappers.GenericWrappers.takeSnap(GenericWrappers.java:547)
at utils.Reporter.reportStep(Reporter.java:19)
at wrappers.GenericWrappers.takeSnap(GenericWrappers.java:547)
at utils.Reporter.reportStep(Reporter.java:19)
at wrappers.GenericWrappers.takeSnap(GenericWrappers.java:547)
at utils.Reporter.reportStep(Reporter.java:19)
at wrappers.GenericWrappers.takeSnap(GenericWrappers.java:547)
at utils.Reporter.reportStep(Reporter.java:19)
at wrappers.GenericWrappers.takeSnap(GenericWrappers.java:547)
at utils.Reporter.reportStep(Reporter.java:19)
at wrappers.GenericWrappers.takeSnap(GenericWrappers.java:547)
at utils.Reporter.reportStep(Reporter.java:19)
at wrappers.GenericWrappers.takeSnap(GenericWrappers.java:547)
at utils.Reporter.reportStep(Reporter.java:19)
at wrappers.GenericWrappers.takeSnap(GenericWrappers.java:547)
at utils.Reporter.reportStep(Reporter.java:19)
at wrappers.GenericWrappers.takeSnap(GenericWrappers.java:547)
at utils.Reporter.reportStep(Reporter.java:19)
at wrappers.GenericWrappers.takeSnap(GenericWrappers.java:547)
at utils.Reporter.reportStep(Reporter.java:19)
at wrappers.GenericWrappers.takeSnap(GenericWrappers.java:547)
at utils.Reporter.reportStep(Reporter.java:19)
at wrappers.GenericWrappers.takeSnap(GenericWrappers.java:547)
at utils.Reporter.reportStep(Reporter.java:19)
at wrappers.GenericWrappers.takeSnap(GenericWrappers.java:547)
at utils.Reporter.reportStep(Reporter.java:19)
at wrappers.GenericWrappers.takeSnap(GenericWrappers.java:547)
at utils.Reporter.reportStep(Reporter.java:19)
at wrappers.GenericWrappers.takeSnap(GenericWrappers.java:547)
at utils.Reporter.reportStep(Reporter.java:19)
at wrappers.GenericWrappers.takeSnap(GenericWrappers.java:547)
at utils.Reporter.reportStep(Reporter.java:19)
at wrappers.GenericWrappers.takeSnap(GenericWrappers.java:547)
at utils.Reporter.reportStep(Reporter.java:19)
at wrappers.GenericWrappers.takeSnap(GenericWrappers.java:547)
at utils.Reporter.reportStep(Reporter.java:19)
at wrappers.GenericWrappers.takeSnap(GenericWrappers.java:547)
at utils.Reporter.reportStep(Reporter.java:19)
at wrappers.GenericWrappers.takeSnap(GenericWrappers.java:547)
at utils.Reporter.reportStep(Reporter.java:19)
at wrappers.GenericWrappers.takeSnap(GenericWrappers.java:547)
at utils.Reporter.reportStep(Reporter.java:19)
at wrappers.GenericWrappers.takeSnap(GenericWrappers.java:547)
at utils.Reporter.reportStep(Reporter.java:19)
at wrappers.GenericWrappers.takeSnap(GenericWrappers.java:547)
at utils.Reporter.reportStep(Reporter.java:19)
at wrappers.GenericWrappers.takeSnap(GenericWrappers.java:547)
at utils.Reporter.reportStep(Reporter.java:19)
at wrappers.GenericWrappers.takeSnap(GenericWrappers.java:547)
at utils.Reporter.reportStep(Reporter.java:19)
at wrappers.GenericWrappers.takeSnap(GenericWrappers.java:547)
at utils.Reporter.reportStep(Reporter.java:19)
at wrappers.GenericWrappers.takeSnap(GenericWrappers.java:547)
at utils.Reporter.reportStep(Reporter.java:19)
at wrappers.GenericWrappers.takeSnap(GenericWrappers.java:547)
at utils.Reporter.reportStep(Reporter.java:19)
at wrappers.GenericWrappers.takeSnap(GenericWrappers.java:547)
at utils.Reporter.reportStep(Reporter.java:19)
at wrappers.GenericWrappers.takeSnap(GenericWrappers.java:547)
at utils.Reporter.reportStep(Reporter.java:19)
at wrappers.GenericWrappers.takeSnap(GenericWrappers.java:547)
at utils.Reporter.reportStep(Reporter.java:19)
at wrappers.GenericWrappers.takeSnap(GenericWrappers.java:547)
at utils.Reporter.reportStep(Reporter.java:19)
at wrappers.GenericWrappers.takeSnap(GenericWrappers.java:547)
at utils.Reporter.reportStep(Reporter.java:19)
at wrappers.GenericWrappers.takeSnap(GenericWrappers.java:547)
at utils.Reporter.reportStep(Reporter.java:19)
at wrappers.GenericWrappers.takeSnap(GenericWrappers.java:547)
at utils.Reporter.reportStep(Reporter.java:19)
at wrappers.GenericWrappers.takeSnap(GenericWrappers.java:547)
at utils.Reporter.reportStep(Reporter.java:19)
at wrappers.GenericWrappers.takeSnap(GenericWrappers.java:547)
at utils.Reporter.reportStep(Reporter.java:19)
at wrappers.GenericWrappers.takeSnap(GenericWrappers.java:547)
at utils.Reporter.reportStep(Reporter.java:19)
at wrappers.GenericWrappers.takeSnap(GenericWrappers.java:547)
at utils.Reporter.reportStep(Reporter.java:19)
at wrappers.GenericWrappers.takeSnap(GenericWrappers.java:547)
at utils.Reporter.reportStep(Reporter.java:19)
at wrappers.GenericWrappers.takeSnap(GenericWrappers.java:547)
at utils.Reporter.reportStep(Reporter.java:19)
at wrappers.GenericWrappers.takeSnap(GenericWrappers.java:547)
at utils.Reporter.reportStep(Reporter.java:19)
at wrappers.GenericWrappers.takeSnap(GenericWrappers.java:547)
at utils.Reporter.reportStep(Reporter.java:19)
at wrappers.GenericWrappers.takeSnap(GenericWrappers.java:547)
at utils.Reporter.reportStep(Reporter.java:19)
at wrappers.GenericWrappers.takeSnap(GenericWrappers.java:547)
at utils.Reporter.reportStep(Reporter.java:19)
at wrappers.GenericWrappers.takeSnap(GenericWrappers.java:547)
at utils.Reporter.reportStep(Reporter.java:19)
at wrappers.GenericWrappers.takeSnap(GenericWrappers.java:547)
at utils.Reporter.reportStep(Reporter.java:19)
at wrappers.GenericWrappers.takeSnap(GenericWrappers.java:547)
]]>
    </failure>
  </testcase> <!-- @AfterMethod afterMethod -->
  <testcase classname="testcases.TestCase2" name="testCase2" time="8.933">
    <failure type="org.openqa.selenium.NoAlertPresentException" message="no such alert
  (Session info: chrome=96.0.4664.110)
Build info: version: &amp;apos;3.4.0&amp;apos;, revision: &amp;apos;unknown&amp;apos;, time: &amp;apos;unknown&amp;apos;
System info: host: &amp;apos;DESKTOP69&amp;apos;, ip: &amp;apos;192.168.137.1&amp;apos;, os.name: &amp;apos;Windows 10&amp;apos;, os.arch: &amp;apos;amd64&amp;apos;, os.version: &amp;apos;10.0&amp;apos;, java.version: &amp;apos;16.0.2&amp;apos;
Driver info: org.openqa.selenium.chrome.ChromeDriver
Capabilities [{networkConnectionEnabled=false, chrome={chromedriverVersion=96.0.4664.45 (76e4c1bb2ab4671b8beba3444e61c0f17584b2fc-refs/branch-heads/4664@{#947}), userDataDir=C:\Users\Sarwar\AppData\Local\Temp\scoped_dir7860_2042101725}, timeouts={implicit=0.0, pageLoad=300000.0, script=30000.0}, pageLoadStrategy=normal, unhandledPromptBehavior=dismiss and notify, strictFileInteractability=false, platform=ANY, proxy=Proxy(), goog:chromeOptions={debuggerAddress=localhost:50979}, webauthn:extension:credBlob=true, acceptInsecureCerts=false, browserVersion=96.0.4664.110, browserName=chrome, javascriptEnabled=true, platformName=windows, setWindowRect=true, webauthn:extension:largeBlob=true, webauthn:virtualAuthenticators=true}]
Session ID: e76d6d4bbea07d4ab90c9983627772d1">
      <![CDATA[org.openqa.selenium.NoAlertPresentException: no such alert
  (Session info: chrome=96.0.4664.110)
Build info: version: '3.4.0', revision: 'unknown', time: 'unknown'
System info: host: 'DESKTOP69', ip: '192.168.137.1', os.name: 'Windows 10', os.arch: 'amd64', os.version: '10.0', java.version: '16.0.2'
Driver info: org.openqa.selenium.chrome.ChromeDriver
Capabilities [{networkConnectionEnabled=false, chrome={chromedriverVersion=96.0.4664.45 (76e4c1bb2ab4671b8beba3444e61c0f17584b2fc-refs/branch-heads/4664@{#947}), userDataDir=C:\Users\Sarwar\AppData\Local\Temp\scoped_dir7860_2042101725}, timeouts={implicit=0.0, pageLoad=300000.0, script=30000.0}, pageLoadStrategy=normal, unhandledPromptBehavior=dismiss and notify, strictFileInteractability=false, platform=ANY, proxy=Proxy(), goog:chromeOptions={debuggerAddress=localhost:50979}, webauthn:extension:credBlob=true, acceptInsecureCerts=false, browserVersion=96.0.4664.110, browserName=chrome, javascriptEnabled=true, platformName=windows, setWindowRect=true, webauthn:extension:largeBlob=true, webauthn:virtualAuthenticators=true}]
Session ID: e76d6d4bbea07d4ab90c9983627772d1
at java.base/jdk.internal.reflect.NativeConstructorAccessorImpl.newInstance0(Native Method)
at java.base/jdk.internal.reflect.NativeConstructorAccessorImpl.newInstance(NativeConstructorAccessorImpl.java:78)
at java.base/jdk.internal.reflect.DelegatingConstructorAccessorImpl.newInstance(DelegatingConstructorAccessorImpl.java:45)
at java.base/java.lang.reflect.Constructor.newInstanceWithCaller(Constructor.java:499)
at java.base/java.lang.reflect.Constructor.newInstance(Constructor.java:480)
at org.openqa.selenium.remote.http.W3CHttpResponseCodec.createException(W3CHttpResponseCodec.java:150)
at org.openqa.selenium.remote.http.W3CHttpResponseCodec.decode(W3CHttpResponseCodec.java:115)
at org.openqa.selenium.remote.http.W3CHttpResponseCodec.decode(W3CHttpResponseCodec.java:45)
at org.openqa.selenium.remote.HttpCommandExecutor.execute(HttpCommandExecutor.java:164)
at org.openqa.selenium.remote.service.DriverCommandExecutor.execute(DriverCommandExecutor.java:82)
at org.openqa.selenium.remote.RemoteWebDriver.execute(RemoteWebDriver.java:637)
at org.openqa.selenium.remote.RemoteWebDriver.execute(RemoteWebDriver.java:694)
at org.openqa.selenium.remote.RemoteWebDriver$RemoteTargetLocator.alert(RemoteWebDriver.java:1020)
at pages.TshirtPage.scrollToElement(TshirtPage.java:28)
at testcases.TestCase2.testCase2(TestCase2.java:27)
at java.base/jdk.internal.reflect.NativeMethodAccessorImpl.invoke0(Native Method)
at java.base/jdk.internal.reflect.NativeMethodAccessorImpl.invoke(NativeMethodAccessorImpl.java:78)
at java.base/jdk.internal.reflect.DelegatingMethodAccessorImpl.invoke(DelegatingMethodAccessorImpl.java:43)
at java.base/java.lang.reflect.Method.invoke(Method.java:567)
at org.testng.internal.MethodInvocationHelper.invokeMethod(MethodInvocationHelper.java:133)
at org.testng.internal.TestInvoker.invokeMethod(TestInvoker.java:598)
at org.testng.internal.TestInvoker.invokeTestMethod(TestInvoker.java:173)
at org.testng.internal.MethodRunner.runInSequence(MethodRunner.java:46)
at org.testng.internal.TestInvoker$MethodInvocationAgent.invoke(TestInvoker.java:824)
at org.testng.internal.TestInvoker.invokeTestMethods(TestInvoker.java:146)
at org.testng.internal.TestMethodWorker.invokeTestMethods(TestMethodWorker.java:146)
at org.testng.internal.TestMethodWorker.run(TestMethodWorker.java:128)
at java.base/java.util.ArrayList.forEach(ArrayList.java:1511)
at org.testng.TestRunner.privateRun(TestRunner.java:794)
at org.testng.TestRunner.run(TestRunner.java:596)
at org.testng.SuiteRunner.runTest(SuiteRunner.java:377)
at org.testng.SuiteRunner.runSequentially(SuiteRunner.java:371)
at org.testng.SuiteRunner.privateRun(SuiteRunner.java:332)
at org.testng.SuiteRunner.run(SuiteRunner.java:276)
at org.testng.SuiteRunnerWorker.runSuite(SuiteRunnerWorker.java:53)
at org.testng.SuiteRunnerWorker.run(SuiteRunnerWorker.java:96)
at org.testng.TestNG.runSuitesSequentially(TestNG.java:1212)
at org.testng.TestNG.runSuitesLocally(TestNG.java:1134)
at org.testng.TestNG.runSuites(TestNG.java:1063)
at org.testng.TestNG.run(TestNG.java:1031)
at org.testng.remote.AbstractRemoteTestNG.run(AbstractRemoteTestNG.java:115)
at org.testng.remote.RemoteTestNG.initAndRun(RemoteTestNG.java:251)
at org.testng.remote.RemoteTestNG.main(RemoteTestNG.java:77)
]]>
    </failure>
  </testcase> <!-- testCase2 -->
</testsuite> <!-- Default test -->
